C:\dev\Kernys.Library\kernys.Library.Web\kernys.Library.Web\Properties\ClientApp\wwwroot\clientapp\dist\out-tsc\src\app\library-app.component.js
C:\dev\Kernys.Library\kernys.Library.Web\kernys.Library.Web\Properties\ClientApp\wwwroot\clientapp\dist\out-tsc\src\app\library-app.component.js.map
C:\dev\Kernys.Library\kernys.Library.Web\kernys.Library.Web\Properties\ClientApp\wwwroot\clientapp\dist\out-tsc\src\app\core\interfaces\login.js
C:\dev\Kernys.Library\kernys.Library.Web\kernys.Library.Web\Properties\ClientApp\wwwroot\clientapp\dist\out-tsc\src\app\core\interfaces\login.js.map
C:\dev\Kernys.Library\kernys.Library.Web\kernys.Library.Web\Properties\ClientApp\wwwroot\clientapp\dist\out-tsc\src\app\security\Auth.js
C:\dev\Kernys.Library\kernys.Library.Web\kernys.Library.Web\Properties\ClientApp\wwwroot\clientapp\dist\out-tsc\src\app\security\Auth.js.map
C:\dev\Kernys.Library\kernys.Library.Web\kernys.Library.Web\Properties\ClientApp\wwwroot\clientapp\dist\out-tsc\src\app\core\interfaces\sign-up.js
C:\dev\Kernys.Library\kernys.Library.Web\kernys.Library.Web\Properties\ClientApp\wwwroot\clientapp\dist\out-tsc\src\app\core\interfaces\sign-up.js.map
C:\dev\Kernys.Library\kernys.Library.Web\kernys.Library.Web\Properties\ClientApp\wwwroot\clientapp\dist\out-tsc\src\app\security\security.service.js
C:\dev\Kernys.Library\kernys.Library.Web\kernys.Library.Web\Properties\ClientApp\wwwroot\clientapp\dist\out-tsc\src\app\security\security.service.js.map
C:\dev\Kernys.Library\kernys.Library.Web\kernys.Library.Web\Properties\ClientApp\wwwroot\clientapp\dist\out-tsc\src\app\layout\nav-menu\nav-menu.component.js
C:\dev\Kernys.Library\kernys.Library.Web\kernys.Library.Web\Properties\ClientApp\wwwroot\clientapp\dist\out-tsc\src\app\layout\nav-menu\nav-menu.component.js.map
C:\dev\Kernys.Library\kernys.Library.Web\kernys.Library.Web\Properties\ClientApp\wwwroot\clientapp\dist\out-tsc\src\app\error\404.js
C:\dev\Kernys.Library\kernys.Library.Web\kernys.Library.Web\Properties\ClientApp\wwwroot\clientapp\dist\out-tsc\src\app\error\404.js.map
C:\dev\Kernys.Library\kernys.Library.Web\kernys.Library.Web\Properties\ClientApp\wwwroot\clientapp\dist\out-tsc\src\app\core\interfaces\toastr.js
C:\dev\Kernys.Library\kernys.Library.Web\kernys.Library.Web\Properties\ClientApp\wwwroot\clientapp\dist\out-tsc\src\app\core\interfaces\toastr.js.map
C:\dev\Kernys.Library\kernys.Library.Web\kernys.Library.Web\Properties\ClientApp\wwwroot\clientapp\dist\out-tsc\src\app\core\baseForm.js
C:\dev\Kernys.Library\kernys.Library.Web\kernys.Library.Web\Properties\ClientApp\wwwroot\clientapp\dist\out-tsc\src\app\core\baseForm.js.map
C:\dev\Kernys.Library\kernys.Library.Web\kernys.Library.Web\Properties\ClientApp\wwwroot\clientapp\dist\out-tsc\src\app\security\login\login.component.js
C:\dev\Kernys.Library\kernys.Library.Web\kernys.Library.Web\Properties\ClientApp\wwwroot\clientapp\dist\out-tsc\src\app\security\login\login.component.js.map
C:\dev\Kernys.Library\kernys.Library.Web\kernys.Library.Web\Properties\ClientApp\wwwroot\clientapp\dist\out-tsc\src\app\security\login\logout.component.js
C:\dev\Kernys.Library\kernys.Library.Web\kernys.Library.Web\Properties\ClientApp\wwwroot\clientapp\dist\out-tsc\src\app\security\login\logout.component.js.map
C:\dev\Kernys.Library\kernys.Library.Web\kernys.Library.Web\Properties\ClientApp\wwwroot\clientapp\dist\out-tsc\src\app\security\sign-up\sign-up.component.js
C:\dev\Kernys.Library\kernys.Library.Web\kernys.Library.Web\Properties\ClientApp\wwwroot\clientapp\dist\out-tsc\src\app\security\sign-up\sign-up.component.js.map
C:\dev\Kernys.Library\kernys.Library.Web\kernys.Library.Web\Properties\ClientApp\wwwroot\clientapp\dist\out-tsc\src\app\profile\profile.component.js
C:\dev\Kernys.Library\kernys.Library.Web\kernys.Library.Web\Properties\ClientApp\wwwroot\clientapp\dist\out-tsc\src\app\profile\profile.component.js.map
C:\dev\Kernys.Library\kernys.Library.Web\kernys.Library.Web\Properties\ClientApp\wwwroot\clientapp\dist\out-tsc\src\app\profile\profile.guard.js
C:\dev\Kernys.Library\kernys.Library.Web\kernys.Library.Web\Properties\ClientApp\wwwroot\clientapp\dist\out-tsc\src\app\profile\profile.guard.js.map
C:\dev\Kernys.Library\kernys.Library.Web\kernys.Library.Web\Properties\ClientApp\wwwroot\clientapp\dist\out-tsc\src\app\library-app.routes.js
C:\dev\Kernys.Library\kernys.Library.Web\kernys.Library.Web\Properties\ClientApp\wwwroot\clientapp\dist\out-tsc\src\app\library-app.routes.js.map
C:\dev\Kernys.Library\kernys.Library.Web\kernys.Library.Web\Properties\ClientApp\wwwroot\clientapp\dist\out-tsc\src\app\utilies\pipes\reduce-paragraph.pipe.js
C:\dev\Kernys.Library\kernys.Library.Web\kernys.Library.Web\Properties\ClientApp\wwwroot\clientapp\dist\out-tsc\src\app\utilies\pipes\reduce-paragraph.pipe.js.map
C:\dev\Kernys.Library\kernys.Library.Web\kernys.Library.Web\Properties\ClientApp\wwwroot\clientapp\dist\out-tsc\src\app\utilies\utilies.module.js
C:\dev\Kernys.Library\kernys.Library.Web\kernys.Library.Web\Properties\ClientApp\wwwroot\clientapp\dist\out-tsc\src\app\utilies\utilies.module.js.map
C:\dev\Kernys.Library\kernys.Library.Web\kernys.Library.Web\Properties\ClientApp\wwwroot\clientapp\dist\out-tsc\src\app\layout\breadcrumb\breadcrumb.component.js
C:\dev\Kernys.Library\kernys.Library.Web\kernys.Library.Web\Properties\ClientApp\wwwroot\clientapp\dist\out-tsc\src\app\layout\breadcrumb\breadcrumb.component.js.map
C:\dev\Kernys.Library\kernys.Library.Web\kernys.Library.Web\Properties\ClientApp\wwwroot\clientapp\dist\out-tsc\src\app\security\http-interceptor.js
C:\dev\Kernys.Library\kernys.Library.Web\kernys.Library.Web\Properties\ClientApp\wwwroot\clientapp\dist\out-tsc\src\app\security\http-interceptor.js.map
C:\dev\Kernys.Library\kernys.Library.Web\kernys.Library.Web\Properties\ClientApp\wwwroot\clientapp\dist\out-tsc\src\app\core\interfaces\jquery.js
C:\dev\Kernys.Library\kernys.Library.Web\kernys.Library.Web\Properties\ClientApp\wwwroot\clientapp\dist\out-tsc\src\app\core\interfaces\jquery.js.map
C:\dev\Kernys.Library\kernys.Library.Web\kernys.Library.Web\Properties\ClientApp\wwwroot\clientapp\dist\out-tsc\src\app\core\interfaces\author.js
C:\dev\Kernys.Library\kernys.Library.Web\kernys.Library.Web\Properties\ClientApp\wwwroot\clientapp\dist\out-tsc\src\app\core\interfaces\author.js.map
C:\dev\Kernys.Library\kernys.Library.Web\kernys.Library.Web\Properties\ClientApp\wwwroot\clientapp\dist\out-tsc\src\app\core\interfaces\publisher.js
C:\dev\Kernys.Library\kernys.Library.Web\kernys.Library.Web\Properties\ClientApp\wwwroot\clientapp\dist\out-tsc\src\app\core\interfaces\publisher.js.map
C:\dev\Kernys.Library\kernys.Library.Web\kernys.Library.Web\Properties\ClientApp\wwwroot\clientapp\dist\out-tsc\src\app\core\interfaces\book.js
C:\dev\Kernys.Library\kernys.Library.Web\kernys.Library.Web\Properties\ClientApp\wwwroot\clientapp\dist\out-tsc\src\app\core\interfaces\book.js.map
C:\dev\Kernys.Library\kernys.Library.Web\kernys.Library.Web\Properties\ClientApp\wwwroot\clientapp\dist\out-tsc\src\app\book\book.service.js
C:\dev\Kernys.Library\kernys.Library.Web\kernys.Library.Web\Properties\ClientApp\wwwroot\clientapp\dist\out-tsc\src\app\book\book.service.js.map
C:\dev\Kernys.Library\kernys.Library.Web\kernys.Library.Web\Properties\ClientApp\wwwroot\clientapp\dist\out-tsc\src\app\book\list\book-list-item.component.js
C:\dev\Kernys.Library\kernys.Library.Web\kernys.Library.Web\Properties\ClientApp\wwwroot\clientapp\dist\out-tsc\src\app\book\list\book-list-item.component.js.map
C:\dev\Kernys.Library\kernys.Library.Web\kernys.Library.Web\Properties\ClientApp\wwwroot\clientapp\dist\out-tsc\src\app\book\list\book-list.component.js
C:\dev\Kernys.Library\kernys.Library.Web\kernys.Library.Web\Properties\ClientApp\wwwroot\clientapp\dist\out-tsc\src\app\book\list\book-list.component.js.map
C:\dev\Kernys.Library\kernys.Library.Web\kernys.Library.Web\Properties\ClientApp\wwwroot\clientapp\dist\out-tsc\src\app\book\detail\book-detail.component.js
C:\dev\Kernys.Library\kernys.Library.Web\kernys.Library.Web\Properties\ClientApp\wwwroot\clientapp\dist\out-tsc\src\app\book\detail\book-detail.component.js.map
C:\dev\Kernys.Library\kernys.Library.Web\kernys.Library.Web\Properties\ClientApp\wwwroot\clientapp\dist\out-tsc\src\app\book\detail\book-detail.guard.js
C:\dev\Kernys.Library\kernys.Library.Web\kernys.Library.Web\Properties\ClientApp\wwwroot\clientapp\dist\out-tsc\src\app\book\detail\book-detail.guard.js.map
C:\dev\Kernys.Library\kernys.Library.Web\kernys.Library.Web\Properties\ClientApp\wwwroot\clientapp\dist\out-tsc\src\app\book\create\book-create.component.js
C:\dev\Kernys.Library\kernys.Library.Web\kernys.Library.Web\Properties\ClientApp\wwwroot\clientapp\dist\out-tsc\src\app\book\create\book-create.component.js.map
C:\dev\Kernys.Library\kernys.Library.Web\kernys.Library.Web\Properties\ClientApp\wwwroot\clientapp\dist\out-tsc\src\app\book\edit\book-edit.component.js
C:\dev\Kernys.Library\kernys.Library.Web\kernys.Library.Web\Properties\ClientApp\wwwroot\clientapp\dist\out-tsc\src\app\book\edit\book-edit.component.js.map
C:\dev\Kernys.Library\kernys.Library.Web\kernys.Library.Web\Properties\ClientApp\wwwroot\clientapp\dist\out-tsc\src\app\book\list\book-list.guard.js
C:\dev\Kernys.Library\kernys.Library.Web\kernys.Library.Web\Properties\ClientApp\wwwroot\clientapp\dist\out-tsc\src\app\book\list\book-list.guard.js.map
C:\dev\Kernys.Library\kernys.Library.Web\kernys.Library.Web\Properties\ClientApp\wwwroot\clientapp\dist\out-tsc\src\app\book\book.routes.js
C:\dev\Kernys.Library\kernys.Library.Web\kernys.Library.Web\Properties\ClientApp\wwwroot\clientapp\dist\out-tsc\src\app\book\book.routes.js.map
C:\dev\Kernys.Library\kernys.Library.Web\kernys.Library.Web\Properties\ClientApp\wwwroot\clientapp\dist\out-tsc\src\app\book\list\user-book-list.component.js
C:\dev\Kernys.Library\kernys.Library.Web\kernys.Library.Web\Properties\ClientApp\wwwroot\clientapp\dist\out-tsc\src\app\book\list\user-book-list.component.js.map
C:\dev\Kernys.Library\kernys.Library.Web\kernys.Library.Web\Properties\ClientApp\wwwroot\clientapp\dist\out-tsc\src\app\book\book.module.js
C:\dev\Kernys.Library\kernys.Library.Web\kernys.Library.Web\Properties\ClientApp\wwwroot\clientapp\dist\out-tsc\src\app\book\book.module.js.map
C:\dev\Kernys.Library\kernys.Library.Web\kernys.Library.Web\Properties\ClientApp\wwwroot\clientapp\dist\out-tsc\src\app\app.module.js
C:\dev\Kernys.Library\kernys.Library.Web\kernys.Library.Web\Properties\ClientApp\wwwroot\clientapp\dist\out-tsc\src\app\app.module.js.map
C:\dev\Kernys.Library\kernys.Library.Web\kernys.Library.Web\Properties\ClientApp\wwwroot\clientapp\dist\out-tsc\src\environments\environment.js
C:\dev\Kernys.Library\kernys.Library.Web\kernys.Library.Web\Properties\ClientApp\wwwroot\clientapp\dist\out-tsc\src\environments\environment.js.map
C:\dev\Kernys.Library\kernys.Library.Web\kernys.Library.Web\Properties\ClientApp\wwwroot\clientapp\dist\out-tsc\src\main.js
C:\dev\Kernys.Library\kernys.Library.Web\kernys.Library.Web\Properties\ClientApp\wwwroot\clientapp\dist\out-tsc\src\main.js.map
C:\dev\Kernys.Library\kernys.Library.Web\kernys.Library.Web\Properties\ClientApp\wwwroot\clientapp\dist\out-tsc\src\polyfills.js
C:\dev\Kernys.Library\kernys.Library.Web\kernys.Library.Web\Properties\ClientApp\wwwroot\clientapp\dist\out-tsc\src\polyfills.js.map
C:\dev\Kernys.Library\kernys.Library.Web\kernys.Library.Web\Properties\ClientApp\wwwroot\clientapp\dist\out-tsc\src\test.js
C:\dev\Kernys.Library\kernys.Library.Web\kernys.Library.Web\Properties\ClientApp\wwwroot\clientapp\dist\out-tsc\src\test.js.map
C:\dev\Kernys.Library\kernys.Library.Web\kernys.Library.Web\Properties\ClientApp\wwwroot\clientapp\dist\out-tsc\e2e\src\app.po.js
C:\dev\Kernys.Library\kernys.Library.Web\kernys.Library.Web\Properties\ClientApp\wwwroot\clientapp\dist\out-tsc\e2e\src\app.po.js.map
C:\dev\Kernys.Library\kernys.Library.Web\kernys.Library.Web\Properties\ClientApp\wwwroot\clientapp\dist\out-tsc\e2e\src\app.e2e-spec.js
C:\dev\Kernys.Library\kernys.Library.Web\kernys.Library.Web\Properties\ClientApp\wwwroot\clientapp\dist\out-tsc\e2e\src\app.e2e-spec.js.map
C:\dev\Kernys.Library\kernys.Library.Web\kernys.Library.Web\Properties\ClientApp\wwwroot\clientapp\dist\out-tsc\src\environments\environment.prod.js
C:\dev\Kernys.Library\kernys.Library.Web\kernys.Library.Web\Properties\ClientApp\wwwroot\clientapp\dist\out-tsc\src\environments\environment.prod.js.map
C:\dev\Kernys.Library\kernys.Library.Web\kernys.Library.Web\Properties\ClientApp\wwwroot\clientapp\dist\out-tsc\src\app\author\author.service.js
C:\dev\Kernys.Library\kernys.Library.Web\kernys.Library.Web\Properties\ClientApp\wwwroot\clientapp\dist\out-tsc\src\app\author\author.service.js.map
C:\dev\Kernys.Library\kernys.Library.Web\kernys.Library.Web\Properties\ClientApp\wwwroot\clientapp\dist\out-tsc\src\app\author\author-details.component.js
C:\dev\Kernys.Library\kernys.Library.Web\kernys.Library.Web\Properties\ClientApp\wwwroot\clientapp\dist\out-tsc\src\app\author\author-details.component.js.map
C:\dev\Kernys.Library\kernys.Library.Web\kernys.Library.Web\Properties\ClientApp\wwwroot\clientapp\dist\out-tsc\src\app\author\author-list.component.js
C:\dev\Kernys.Library\kernys.Library.Web\kernys.Library.Web\Properties\ClientApp\wwwroot\clientapp\dist\out-tsc\src\app\author\author-list.component.js.map
C:\dev\Kernys.Library\kernys.Library.Web\kernys.Library.Web\Properties\ClientApp\wwwroot\clientapp\dist\out-tsc\src\app\author\author.guard.js
C:\dev\Kernys.Library\kernys.Library.Web\kernys.Library.Web\Properties\ClientApp\wwwroot\clientapp\dist\out-tsc\src\app\author\author.guard.js.map
C:\dev\Kernys.Library\kernys.Library.Web\kernys.Library.Web\Properties\ClientApp\wwwroot\clientapp\dist\out-tsc\src\app\author\author.routes.js
C:\dev\Kernys.Library\kernys.Library.Web\kernys.Library.Web\Properties\ClientApp\wwwroot\clientapp\dist\out-tsc\src\app\author\author.routes.js.map
C:\dev\Kernys.Library\kernys.Library.Web\kernys.Library.Web\Properties\ClientApp\wwwroot\clientapp\dist\out-tsc\src\app\author\author.module.js
C:\dev\Kernys.Library\kernys.Library.Web\kernys.Library.Web\Properties\ClientApp\wwwroot\clientapp\dist\out-tsc\src\app\author\author.module.js.map
C:\dev\Kernys.Library\kernys.Library.Web\kernys.Library.Web\Properties\ClientApp\wwwroot\clientapp\dist\out-tsc\src\app\profile\profile.service.js
C:\dev\Kernys.Library\kernys.Library.Web\kernys.Library.Web\Properties\ClientApp\wwwroot\clientapp\dist\out-tsc\src\app\profile\profile.service.js.map
C:\dev\Kernys.Library\kernys.Library.Web\kernys.Library.Web\Properties\ClientApp\wwwroot\clientapp\dist\out-tsc\src\app\shared\shared.module.js
C:\dev\Kernys.Library\kernys.Library.Web\kernys.Library.Web\Properties\ClientApp\wwwroot\clientapp\dist\out-tsc\src\app\shared\shared.module.js.map
C:\dev\Kernys.Library\kernys.Library.Web\kernys.Library.Web\Properties\ClientApp\wwwroot\clientapp\dist\out-tsc\src\app\book\create\book-create.model.js
C:\dev\Kernys.Library\kernys.Library.Web\kernys.Library.Web\Properties\ClientApp\wwwroot\clientapp\dist\out-tsc\src\app\book\create\book-create.model.js.map
C:\dev\Kernys.Library\kernys.Library.Web\kernys.Library.Web\Properties\ClientApp\wwwroot\clientapp\dist\out-tsc\src\app\book\edit\book-edit.model.js
C:\dev\Kernys.Library\kernys.Library.Web\kernys.Library.Web\Properties\ClientApp\wwwroot\clientapp\dist\out-tsc\src\app\book\edit\book-edit.model.js.map
C:\dev\Kernys.Library\kernys.Library.Web\kernys.Library.Web\Properties\ClientApp\wwwroot\clientapp\dist\out-tsc\src\app\core\interfaces\profile.js
C:\dev\Kernys.Library\kernys.Library.Web\kernys.Library.Web\Properties\ClientApp\wwwroot\clientapp\dist\out-tsc\src\app\core\interfaces\profile.js.map
C:\dev\Kernys.Library\kernys.Library.Web\kernys.Library.Web\Properties\ClientApp\wwwroot\clientapp\dist\out-tsc\src\app\core\interfaces\user.js
C:\dev\Kernys.Library\kernys.Library.Web\kernys.Library.Web\Properties\ClientApp\wwwroot\clientapp\dist\out-tsc\src\app\core\interfaces\user.js.map
